<?xml version="1.0" encoding="UTF-8"?>
<!-- Generated by org.testng.reporters.JUnitReportReporter -->
<testsuite skipped="0" hostname="Mactron.local" name="test.Register_new_account_test" tests="3" failures="0" timestamp="18 Jul 2019 04:02:48 GMT" time="2.979" errors="0">
  <testcase name="open_register_page" time="0.531" classname="test.Register_new_account_test"/>
  <testcase name="submit_register_form" time="1.498" classname="test.Register_new_account_test"/>
  <testcase name="fill_register_form" time="0.950" classname="test.Register_new_account_test"/>
</testsuite> <!-- test.Register_new_account_test -->
