<?xml version="1.0" encoding="UTF-8"?>
<!-- Generated by org.testng.reporters.JUnitReportReporter -->
<testsuite skipped="0" hostname="Mactron.local" name="test.pageobject.Login_test" tests="1" failures="0" timestamp="21 Jul 2019 06:24:50 GMT" time="0.840" errors="0">
  <testcase name="login" time="0.840" classname="test.pageobject.Login_test"/>
</testsuite> <!-- test.pageobject.Login_test -->
