<?xml version="1.0" encoding="UTF-8"?>
<!-- Generated by org.testng.reporters.JUnitReportReporter -->
<testsuite skipped="0" hostname="Mactron.local" name="test.Login_test" tests="1" failures="0" timestamp="18 Jul 2019 04:02:53 GMT" time="1.820" errors="0">
  <testcase name="login_customer" time="1.820" classname="test.Login_test"/>
</testsuite> <!-- test.Login_test -->
