<?xml version="1.0" encoding="UTF-8"?>
<!-- Generated by org.testng.reporters.JUnitReportReporter -->
<testsuite skipped="0" hostname="Mactron.local" name="test.AppTest" tests="1" failures="0" timestamp="14 Jul 2019 05:13:19 GMT" time="5.681" errors="0">
  <testcase name="testApp" time="5.681" classname="test.AppTest"/>
</testsuite> <!-- test.AppTest -->
